[2018-04-02 22:46:47 #3051.2]	WARNING	swSignalfd_onSignal: signal[1] callback is null.
[2018-04-02 22:46:47 *3064.1]	WARNING	swSignalfd_onSignal: signal[1] callback is null.
[2018-04-02 22:46:47 $3052.0]	WARNING	swSignal_callback: signal[1] callback is null.
[2018-04-02 22:46:47 *3063.0]	WARNING	swSignalfd_onSignal: signal[1] callback is null.
[2018-04-09 18:55:33 *2445.0]	ERROR	zm_deactivate_swoole (ERROR 503): Fatal error: Call to a member function send() on null in /Users/elarity/doum-service/System/Core.php on line 209.
[2018-04-09 18:55:33 $2436.0]	WARNING	swManager_check_exit_status: worker#0 abnormal exit, status=255, signal=0
[2018-04-09 19:02:21 *2446.1]	ERROR	zm_deactivate_swoole (ERROR 503): Fatal error: Call to a member function send() on null in /Users/elarity/doum-service/System/Core.php on line 209.
[2018-04-09 19:02:21 $2436.0]	WARNING	swManager_check_exit_status: worker#1 abnormal exit, status=255, signal=0
[2018-04-09 19:03:40 *2528.0]	ERROR	zm_deactivate_swoole (ERROR 503): Fatal error: Call to a member function send() on null in /Users/elarity/doum-service/System/Core.php on line 210.
[2018-04-09 19:03:40 $2519.0]	WARNING	swManager_check_exit_status: worker#0 abnormal exit, status=255, signal=0
[2018-04-09 19:03:48 *2542.0]	ERROR	zm_deactivate_swoole (ERROR 503): Fatal error: Call to a member function send() on null in /Users/elarity/doum-service/System/Core.php on line 210.
[2018-04-09 19:03:48 $2533.0]	WARNING	swManager_check_exit_status: worker#0 abnormal exit, status=255, signal=0
[2018-04-09 19:47:44 ^2925.2]	ERROR	zm_deactivate_swoole (ERROR 503): Fatal error: require_once(): Failed opening required '/Users/elarity/doum-service/Controller/.php' (include_path='.:') in /Users/elarity/doum-service/index.php on line 18.
[2018-04-09 19:47:44 $2924.0]	WARNING	swManager_check_exit_status: worker#2 abnormal exit, status=255, signal=0
[2018-04-09 19:53:28 ^2973.2]	ERROR	zm_deactivate_swoole (ERROR 503): Fatal error: require_once(): Failed opening required '/Users/elarity/doum-service/Controller/.php' (include_path='.:') in /Users/elarity/doum-service/index.php on line 18.
[2018-04-09 19:53:28 $2972.0]	WARNING	swManager_check_exit_status: worker#2 abnormal exit, status=255, signal=0
[2018-04-09 20:07:00 ^3074.2]	ERROR	zm_deactivate_swoole (ERROR 503): Fatal error: require_once(): Failed opening required '/Users/elarity/doum-service/Controller/.php' (include_path='.:') in /Users/elarity/doum-service/index.php on line 18.
[2018-04-09 20:07:00 $3073.0]	WARNING	swManager_check_exit_status: worker#2 abnormal exit, status=255, signal=0
[2018-04-09 21:00:42 $3557.0]	WARNING	swManager_check_exit_status: worker#0 abnormal exit, status=255, signal=0
[2018-04-09 21:15:05 ^3678.2]	ERROR	zm_deactivate_swoole (ERROR 503): Fatal error: require_once(): Failed opening required '/Users/elarity/doum-service/Controller/.php' (include_path='.:') in /Users/elarity/doum-service/index.php on line 18.
[2018-04-09 21:15:05 $3677.0]	WARNING	swManager_check_exit_status: worker#2 abnormal exit, status=255, signal=0
[2018-04-09 21:16:36 ^3723.2]	ERROR	zm_deactivate_swoole (ERROR 503): Fatal error: require_once(): Failed opening required '/Users/elarity/doum-service/Controller/.php' (include_path='.:') in /Users/elarity/doum-service/index.php on line 18.
[2018-04-09 21:16:36 $3722.0]	WARNING	swManager_check_exit_status: worker#2 abnormal exit, status=255, signal=0
[2018-04-09 21:23:02 *3795.0]	ERROR	zm_deactivate_swoole (ERROR 503): Fatal error: Class 'System\Component\Packet' not found in /Users/elarity/doum-service/System/Core.php on line 294.
[2018-04-09 21:23:03 $3786.0]	WARNING	swManager_check_exit_status: worker#0 abnormal exit, status=255, signal=0
[2018-04-09 22:40:49 ^828.4]	ERROR	zm_deactivate_swoole (ERROR 503): Fatal error: require_once(): Failed opening required '/Users/elarity/doum-service/Controller/User.php' (include_path='.:') in /Users/elarity/doum-service/index.php on line 18.
[2018-04-09 22:40:49 ^827.3]	ERROR	zm_deactivate_swoole (ERROR 503): Fatal error: require_once(): Failed opening required '/Users/elarity/doum-service/Controller/User.php' (include_path='.:') in /Users/elarity/doum-service/index.php on line 18.
[2018-04-09 22:40:49 ^829.5]	ERROR	zm_deactivate_swoole (ERROR 503): Fatal error: require_once(): Failed opening required '/Users/elarity/doum-service/Controller/Social.php' (include_path='.:') in /Users/elarity/doum-service/index.php on line 18.
[2018-04-09 22:40:49 $825.0]	WARNING	swManager_check_exit_status: worker#5 abnormal exit, status=255, signal=0
[2018-04-09 22:40:49 $825.0]	WARNING	swManager_check_exit_status: worker#4 abnormal exit, status=255, signal=0
[2018-04-09 22:40:49 $825.0]	WARNING	swManager_check_exit_status: worker#3 abnormal exit, status=255, signal=0
[2018-04-09 22:46:45 ^832.8]	ERROR	zm_deactivate_swoole (ERROR 503): Fatal error: require_once(): Failed opening required '/Users/elarity/doum-service/Controller/Social.php' (include_path='.:') in /Users/elarity/doum-service/index.php on line 18.
[2018-04-09 22:46:45 $825.0]	WARNING	swManager_check_exit_status: worker#8 abnormal exit, status=255, signal=0
